===2018-11-01 13:11:48.897 INFO  org.springframework.boot.context.embedded.AnnotationConfigEmbeddedWebApplicationContext Line:984 - Closing org.springframework.boot.context.embedded.AnnotationConfigEmbeddedWebApplicationContext@14142a7d: startup date [Mon Oct 15 17:45:35 CST 2018]; root of context hierarchy
===2018-11-01 13:11:48.929 INFO  org.springframework.context.support.DefaultLifecycleProcessor Line:358 - Stopping beans in phase 2147483647
===2018-11-01 13:11:48.936 INFO  org.springframework.jmx.export.annotation.AnnotationMBeanExporter Line:449 - Unregistering JMX-exposed beans on shutdown
2018-11-01 16:51:53.289 INFO  com.asiainfo.CmcPersonApplication Line:48  - Starting CmcPersonApplication on King-Pan-PC with PID 4169 (/Users/king-pan/git_repository/crm-custom-tag-group/target/classes started by king-pan in /Users/king-pan/git_repository/crm-custom-tag-group)
2018-11-01 16:51:53.292 INFO  com.asiainfo.CmcPersonApplication Line:597 - The following profiles are active: prod
2018-11-01 16:51:53.639 INFO  org.hibernate.validator.internal.util.Version Line:30  - HV000001: Hibernate Validator 5.3.5.Final
2018-11-01 16:51:53.894 INFO  org.springframework.boot.context.embedded.AnnotationConfigEmbeddedWebApplicationContext Line:583 - Refreshing org.springframework.boot.context.embedded.AnnotationConfigEmbeddedWebApplicationContext@7dc55eb2: startup date [Thu Nov 01 16:51:53 CST 2018]; root of context hierarchy
2018-11-01 16:51:55.326 INFO  org.springframework.beans.factory.xml.XmlBeanDefinitionReader Line:317 - Loading XML bean definitions from class path resource [META-INF/cxf/cxf.xml]
2018-11-01 16:51:56.253 INFO  org.springframework.beans.factory.annotation.AutowiredAnnotationBeanPostProcessor Line:155 - JSR-330 'javax.inject.Inject' annotation found and supported for autowiring
2018-11-01 16:51:57.451 INFO  org.springframework.boot.context.embedded.tomcat.TomcatEmbeddedServletContainer Line:89  - Tomcat initialized with port(s): 9100 (http)
2018-11-01 16:51:57.485 INFO  org.apache.catalina.core.StandardService Line:179 - Starting service [Tomcat]
2018-11-01 16:51:57.517 INFO  org.apache.catalina.core.StandardEngine Line:179 - Starting Servlet Engine: Apache Tomcat/8.5.23
2018-11-01 16:51:57.851 INFO  org.apache.catalina.core.ContainerBase.[Tomcat].[localhost].[/] Line:179 - Initializing Spring embedded WebApplicationContext
2018-11-01 16:51:57.862 INFO  org.springframework.web.context.ContextLoader Line:276 - Root WebApplicationContext: initialization completed in 3968 ms
2018-11-01 16:51:58.527 INFO  org.springframework.boot.web.servlet.ServletRegistrationBean Line:190 - Mapping servlet: 'dispatcherServlet' to [/hbase-service/*]
2018-11-01 16:51:58.538 INFO  org.springframework.boot.web.servlet.ServletRegistrationBean Line:190 - Mapping servlet: 'CXFServlet' to [/hbase-service/ws/*]
2018-11-01 16:51:58.547 INFO  org.springframework.boot.web.servlet.FilterRegistrationBean Line:258 - Mapping filter: 'characterEncodingFilter' to: [/*]
2018-11-01 16:51:58.548 INFO  org.springframework.boot.web.servlet.FilterRegistrationBean Line:258 - Mapping filter: 'hiddenHttpMethodFilter' to: [/*]
2018-11-01 16:51:58.548 INFO  org.springframework.boot.web.servlet.FilterRegistrationBean Line:258 - Mapping filter: 'httpPutFormContentFilter' to: [/*]
2018-11-01 16:51:58.548 INFO  org.springframework.boot.web.servlet.FilterRegistrationBean Line:258 - Mapping filter: 'requestContextFilter' to: [/*]
2018-11-01 16:51:58.924 INFO  com.asiainfo.tag.utils.SpringUtil Line:28  - ========ApplicationContext配置成功,在普通类可以通过调用SpringUtils.getAppContext()获取applicationContext对象,applicationContext=org.springframework.boot.context.embedded.AnnotationConfigEmbeddedWebApplicationContext@7dc55eb2: startup date [Thu Nov 01 16:51:53 CST 2018]; root of context hierarchy========
2018-11-01 16:51:59.777 INFO  org.springframework.web.servlet.mvc.method.annotation.RequestMappingHandlerMapping Line:543 - Mapped "{[/list]}" onto public java.lang.Object com.asiainfo.tag.web.HandlerController.list(java.lang.String)
2018-11-01 16:51:59.779 INFO  org.springframework.web.servlet.mvc.method.annotation.RequestMappingHandlerMapping Line:543 - Mapped "{[/checkNum]}" onto public java.lang.String com.asiainfo.tag.web.HandlerController.checkNum(java.lang.String,java.lang.String)
2018-11-01 16:51:59.780 INFO  org.springframework.web.servlet.mvc.method.annotation.RequestMappingHandlerMapping Line:543 - Mapped "{[/query]}" onto public org.springframework.web.servlet.ModelAndView com.asiainfo.tag.web.HomeController.query()
2018-11-01 16:51:59.780 INFO  org.springframework.web.servlet.mvc.method.annotation.RequestMappingHandlerMapping Line:543 - Mapped "{[/]}" onto public org.springframework.web.servlet.ModelAndView com.asiainfo.tag.web.HomeController.home()
2018-11-01 16:51:59.781 INFO  org.springframework.web.servlet.mvc.method.annotation.RequestMappingHandlerMapping Line:543 - Mapped "{[/getData]}" onto public java.lang.Object com.asiainfo.tag.web.HomeController.getData()
2018-11-01 16:51:59.781 INFO  org.springframework.web.servlet.mvc.method.annotation.RequestMappingHandlerMapping Line:543 - Mapped "{[/change]}" onto public java.lang.Object com.asiainfo.tag.web.HomeController.changeInfo(java.lang.String,java.lang.String,java.lang.String)
2018-11-01 16:51:59.781 INFO  org.springframework.web.servlet.mvc.method.annotation.RequestMappingHandlerMapping Line:543 - Mapped "{[/synchronizeData]}" onto public java.lang.Object com.asiainfo.tag.web.HomeController.synchronizeData(java.lang.String,java.lang.String,java.lang.String)
2018-11-01 16:51:59.789 INFO  org.springframework.web.servlet.mvc.method.annotation.RequestMappingHandlerMapping Line:543 - Mapped "{[/swagger-resources]}" onto public org.springframework.http.ResponseEntity<java.util.List<springfox.documentation.swagger.web.SwaggerResource>> springfox.documentation.swagger.web.ApiResourceController.swaggerResources()
2018-11-01 16:51:59.791 INFO  org.springframework.web.servlet.mvc.method.annotation.RequestMappingHandlerMapping Line:543 - Mapped "{[/swagger-resources/configuration/security]}" onto public org.springframework.http.ResponseEntity<springfox.documentation.swagger.web.SecurityConfiguration> springfox.documentation.swagger.web.ApiResourceController.securityConfiguration()
2018-11-01 16:51:59.792 INFO  org.springframework.web.servlet.mvc.method.annotation.RequestMappingHandlerMapping Line:543 - Mapped "{[/swagger-resources/configuration/ui]}" onto public org.springframework.http.ResponseEntity<springfox.documentation.swagger.web.UiConfiguration> springfox.documentation.swagger.web.ApiResourceController.uiConfiguration()
2018-11-01 16:51:59.797 INFO  org.springframework.web.servlet.mvc.method.annotation.RequestMappingHandlerMapping Line:543 - Mapped "{[/error]}" onto public org.springframework.http.ResponseEntity<java.util.Map<java.lang.String, java.lang.Object>> org.springframework.boot.autoconfigure.web.BasicErrorController.error(javax.servlet.http.HttpServletRequest)
2018-11-01 16:51:59.798 INFO  org.springframework.web.servlet.mvc.method.annotation.RequestMappingHandlerMapping Line:543 - Mapped "{[/error],produces=[text/html]}" onto public org.springframework.web.servlet.ModelAndView org.springframework.boot.autoconfigure.web.BasicErrorController.errorHtml(javax.servlet.http.HttpServletRequest,javax.servlet.http.HttpServletResponse)
2018-11-01 16:52:00.139 INFO  org.apache.cxf.wsdl.service.factory.ReflectionServiceFactoryBean Line:437 - Creating Service {http://service.asiainfo.com}custcroupcheck from class com.asiainfo.service.CustGroupCheck
2018-11-01 16:52:02.371 INFO  org.apache.cxf.endpoint.ServerImpl Line:85  - Setting the server's publish address to be /custcroupcheck
2018-11-01 16:52:02.470 INFO  springfox.documentation.spring.web.PropertySourcedRequestMappingHandlerMapping Line:69  - Mapped URL path [/v2/api-docs] onto method [public org.springframework.http.ResponseEntity<springfox.documentation.spring.web.json.Json> springfox.documentation.swagger2.web.Swagger2Controller.getDocumentation(java.lang.String,javax.servlet.http.HttpServletRequest)]
2018-11-01 16:52:02.939 INFO  org.springframework.web.servlet.mvc.method.annotation.RequestMappingHandlerAdapter Line:534 - Looking for @ControllerAdvice: org.springframework.boot.context.embedded.AnnotationConfigEmbeddedWebApplicationContext@7dc55eb2: startup date [Thu Nov 01 16:51:53 CST 2018]; root of context hierarchy
2018-11-01 16:52:03.020 INFO  org.springframework.web.servlet.handler.SimpleUrlHandlerMapping Line:362 - Mapped URL path [/webjars/**] onto handler of type [class org.springframework.web.servlet.resource.ResourceHttpRequestHandler]
2018-11-01 16:52:03.020 INFO  org.springframework.web.servlet.handler.SimpleUrlHandlerMapping Line:362 - Mapped URL path [/**] onto handler of type [class org.springframework.web.servlet.resource.ResourceHttpRequestHandler]
2018-11-01 16:52:03.102 INFO  org.springframework.web.servlet.handler.SimpleUrlHandlerMapping Line:362 - Mapped URL path [/**/favicon.ico] onto handler of type [class org.springframework.web.servlet.resource.ResourceHttpRequestHandler]
2018-11-01 16:52:04.311 INFO  org.springframework.boot.devtools.autoconfigure.OptionalLiveReloadServer Line:58  - LiveReload server is running on port 35729
2018-11-01 16:52:04.459 INFO  org.springframework.jmx.export.annotation.AnnotationMBeanExporter Line:431 - Registering beans for JMX exposure on startup
2018-11-01 16:52:04.490 INFO  org.springframework.context.support.DefaultLifecycleProcessor Line:343 - Starting beans in phase 2147483647
2018-11-01 16:52:04.492 INFO  springfox.documentation.spring.web.plugins.DocumentationPluginsBootstrapper Line:151 - Context refreshed
2018-11-01 16:52:04.565 INFO  springfox.documentation.spring.web.plugins.DocumentationPluginsBootstrapper Line:154 - Found 1 custom documentation plugin(s)
2018-11-01 16:52:04.666 INFO  springfox.documentation.spring.web.scanners.ApiListingReferenceScanner Line:41  - Scanning for api listing references
2018-11-01 16:52:04.726 INFO  org.apache.coyote.http11.Http11NioProtocol Line:179 - Initializing ProtocolHandler ["http-nio-9100"]
2018-11-01 16:52:04.849 INFO  org.apache.coyote.http11.Http11NioProtocol Line:179 - Starting ProtocolHandler ["http-nio-9100"]
2018-11-01 16:52:04.878 INFO  org.apache.tomcat.util.net.NioSelectorPool Line:179 - Using a shared selector for servlet write/read
2018-11-01 16:52:04.902 INFO  org.springframework.boot.context.embedded.tomcat.TomcatEmbeddedServletContainer Line:201 - Tomcat started on port(s): 9100 (http)
2018-11-01 16:52:04.912 INFO  com.asiainfo.CmcPersonApplication Line:57  - Started CmcPersonApplication in 12.642 seconds (JVM running for 15.723)
2018-11-01 16:52:11.783 INFO  org.springframework.boot.context.embedded.AnnotationConfigEmbeddedWebApplicationContext Line:984 - Closing org.springframework.boot.context.embedded.AnnotationConfigEmbeddedWebApplicationContext@7dc55eb2: startup date [Thu Nov 01 16:51:53 CST 2018]; root of context hierarchy
2018-11-01 16:52:11.792 INFO  org.springframework.context.support.DefaultLifecycleProcessor Line:358 - Stopping beans in phase 2147483647
2018-11-01 16:52:11.796 INFO  org.springframework.jmx.export.annotation.AnnotationMBeanExporter Line:449 - Unregistering JMX-exposed beans on shutdown
