2018-11-23 09:42:09.293 WARN  org.thymeleaf.templatemode.TemplateMode Line:150 - [THYMELEAF][restartedMain] Template Mode 'LEGACYHTML5' is deprecated. Using Template Mode 'HTML' instead.
2018-11-23 09:42:09.990 WARN  com.asiainfo.tag.utils.ApplicationStartup Line:19  - =============================项目初始化工作  begin =============================
2018-11-23 09:42:10.206 WARN  org.apache.hadoop.util.NativeCodeLoader Line:62  - Unable to load native-hadoop library for your platform... using builtin-java classes where applicable
2018-11-23 09:42:17.772 WARN  org.apache.hadoop.hbase.zookeeper.RecoverableZooKeeper Line:143 - Unable to create ZooKeeper Connection
java.net.UnknownHostException: hbbdc-sc-zk-01
	at java.net.Inet6AddressImpl.lookupAllHostAddr(Native Method)
	at java.net.InetAddress$2.lookupAllHostAddr(InetAddress.java:928)
	at java.net.InetAddress.getAddressesFromNameService(InetAddress.java:1323)
	at java.net.InetAddress.getAllByName0(InetAddress.java:1276)
	at java.net.InetAddress.getAllByName(InetAddress.java:1192)
	at java.net.InetAddress.getAllByName(InetAddress.java:1126)
	at org.apache.zookeeper.client.StaticHostProvider.<init>(StaticHostProvider.java:61)
	at org.apache.zookeeper.ZooKeeper.<init>(ZooKeeper.java:445)
	at org.apache.zookeeper.ZooKeeper.<init>(ZooKeeper.java:380)
	at org.apache.hadoop.hbase.zookeeper.RecoverableZooKeeper.checkZk(RecoverableZooKeeper.java:141)
	at org.apache.hadoop.hbase.zookeeper.RecoverableZooKeeper.<init>(RecoverableZooKeeper.java:128)
	at org.apache.hadoop.hbase.zookeeper.ZKUtil.connect(ZKUtil.java:155)
	at org.apache.hadoop.hbase.zookeeper.ZooKeeperWatcher.<init>(ZooKeeperWatcher.java:182)
	at org.apache.hadoop.hbase.zookeeper.ZooKeeperWatcher.<init>(ZooKeeperWatcher.java:150)
	at org.apache.hadoop.hbase.client.ZooKeeperKeepAliveConnection.<init>(ZooKeeperKeepAliveConnection.java:43)
	at org.apache.hadoop.hbase.client.ConnectionManager$HConnectionImplementation.getKeepAliveZooKeeperWatcher(ConnectionManager.java:1658)
	at org.apache.hadoop.hbase.client.ZooKeeperRegistry.getClusterId(ZooKeeperRegistry.java:104)
	at org.apache.hadoop.hbase.client.ConnectionManager$HConnectionImplementation.retrieveClusterId(ConnectionManager.java:880)
	at org.apache.hadoop.hbase.client.ConnectionManager$HConnectionImplementation.<init>(ConnectionManager.java:636)
	at sun.reflect.NativeConstructorAccessorImpl.newInstance0(Native Method)
	at sun.reflect.NativeConstructorAccessorImpl.newInstance(NativeConstructorAccessorImpl.java:62)
	at sun.reflect.DelegatingConstructorAccessorImpl.newInstance(DelegatingConstructorAccessorImpl.java:45)
	at java.lang.reflect.Constructor.newInstance(Constructor.java:423)
	at org.apache.hadoop.hbase.client.ConnectionFactory.createConnection(ConnectionFactory.java:238)
	at org.apache.hadoop.hbase.client.ConnectionFactory.createConnection(ConnectionFactory.java:218)
	at org.apache.hadoop.hbase.client.ConnectionFactory.createConnection(ConnectionFactory.java:119)
	at com.asiainfo.tag.utils.HbaseConnection.<init>(HbaseConnection.java:55)
	at com.asiainfo.tag.utils.HbaseConnection.<init>(HbaseConnection.java:22)
	at com.asiainfo.tag.utils.HbaseConnection$HbaseConnectionHeper.<clinit>(HbaseConnection.java:34)
	at com.asiainfo.tag.utils.HbaseConnection.getInstance(HbaseConnection.java:30)
	at com.asiainfo.tag.utils.ApplicationStartup.onApplicationEvent(ApplicationStartup.java:21)
	at com.asiainfo.tag.utils.ApplicationStartup.onApplicationEvent(ApplicationStartup.java:14)
	at org.springframework.context.event.SimpleApplicationEventMulticaster.doInvokeListener(SimpleApplicationEventMulticaster.java:172)
	at org.springframework.context.event.SimpleApplicationEventMulticaster.invokeListener(SimpleApplicationEventMulticaster.java:165)
	at org.springframework.context.event.SimpleApplicationEventMulticaster.multicastEvent(SimpleApplicationEventMulticaster.java:139)
	at org.springframework.context.support.AbstractApplicationContext.publishEvent(AbstractApplicationContext.java:393)
	at org.springframework.context.support.AbstractApplicationContext.publishEvent(AbstractApplicationContext.java:347)
	at org.springframework.context.support.AbstractApplicationContext.finishRefresh(AbstractApplicationContext.java:883)
	at org.springframework.boot.context.embedded.EmbeddedWebApplicationContext.finishRefresh(EmbeddedWebApplicationContext.java:144)
	at org.springframework.context.support.AbstractApplicationContext.refresh(AbstractApplicationContext.java:546)
	at org.springframework.boot.context.embedded.EmbeddedWebApplicationContext.refresh(EmbeddedWebApplicationContext.java:122)
	at org.springframework.boot.SpringApplication.refresh(SpringApplication.java:693)
	at org.springframework.boot.SpringApplication.refreshContext(SpringApplication.java:360)
	at org.springframework.boot.SpringApplication.run(SpringApplication.java:303)
	at com.asiainfo.CmcPersonApplication.main(CmcPersonApplication.java:18)
	at sun.reflect.NativeMethodAccessorImpl.invoke0(Native Method)
	at sun.reflect.NativeMethodAccessorImpl.invoke(NativeMethodAccessorImpl.java:62)
	at sun.reflect.DelegatingMethodAccessorImpl.invoke(DelegatingMethodAccessorImpl.java:43)
	at java.lang.reflect.Method.invoke(Method.java:498)
	at org.springframework.boot.devtools.restart.RestartLauncher.run(RestartLauncher.java:49)
2018-11-23 09:42:17.826 WARN  org.apache.hadoop.hbase.zookeeper.RecoverableZooKeeper Line:143 - Unable to create ZooKeeper Connection
java.net.UnknownHostException: hbbdc-sc-zk-01
	at java.net.InetAddress.getAllByName0(InetAddress.java:1280)
	at java.net.InetAddress.getAllByName(InetAddress.java:1192)
	at java.net.InetAddress.getAllByName(InetAddress.java:1126)
	at org.apache.zookeeper.client.StaticHostProvider.<init>(StaticHostProvider.java:61)
	at org.apache.zookeeper.ZooKeeper.<init>(ZooKeeper.java:445)
	at org.apache.zookeeper.ZooKeeper.<init>(ZooKeeper.java:380)
	at org.apache.hadoop.hbase.zookeeper.RecoverableZooKeeper.checkZk(RecoverableZooKeeper.java:141)
	at org.apache.hadoop.hbase.zookeeper.RecoverableZooKeeper.exists(RecoverableZooKeeper.java:220)
	at org.apache.hadoop.hbase.zookeeper.ZKUtil.checkExists(ZKUtil.java:541)
	at org.apache.hadoop.hbase.zookeeper.ZKClusterId.readClusterIdZNode(ZKClusterId.java:65)
	at org.apache.hadoop.hbase.client.ZooKeeperRegistry.getClusterId(ZooKeeperRegistry.java:105)
	at org.apache.hadoop.hbase.client.ConnectionManager$HConnectionImplementation.retrieveClusterId(ConnectionManager.java:880)
	at org.apache.hadoop.hbase.client.ConnectionManager$HConnectionImplementation.<init>(ConnectionManager.java:636)
	at sun.reflect.NativeConstructorAccessorImpl.newInstance0(Native Method)
	at sun.reflect.NativeConstructorAccessorImpl.newInstance(NativeConstructorAccessorImpl.java:62)
	at sun.reflect.DelegatingConstructorAccessorImpl.newInstance(DelegatingConstructorAccessorImpl.java:45)
	at java.lang.reflect.Constructor.newInstance(Constructor.java:423)
	at org.apache.hadoop.hbase.client.ConnectionFactory.createConnection(ConnectionFactory.java:238)
	at org.apache.hadoop.hbase.client.ConnectionFactory.createConnection(ConnectionFactory.java:218)
	at org.apache.hadoop.hbase.client.ConnectionFactory.createConnection(ConnectionFactory.java:119)
	at com.asiainfo.tag.utils.HbaseConnection.<init>(HbaseConnection.java:55)
	at com.asiainfo.tag.utils.HbaseConnection.<init>(HbaseConnection.java:22)
	at com.asiainfo.tag.utils.HbaseConnection$HbaseConnectionHeper.<clinit>(HbaseConnection.java:34)
	at com.asiainfo.tag.utils.HbaseConnection.getInstance(HbaseConnection.java:30)
	at com.asiainfo.tag.utils.ApplicationStartup.onApplicationEvent(ApplicationStartup.java:21)
	at com.asiainfo.tag.utils.ApplicationStartup.onApplicationEvent(ApplicationStartup.java:14)
	at org.springframework.context.event.SimpleApplicationEventMulticaster.doInvokeListener(SimpleApplicationEventMulticaster.java:172)
	at org.springframework.context.event.SimpleApplicationEventMulticaster.invokeListener(SimpleApplicationEventMulticaster.java:165)
	at org.springframework.context.event.SimpleApplicationEventMulticaster.multicastEvent(SimpleApplicationEventMulticaster.java:139)
	at org.springframework.context.support.AbstractApplicationContext.publishEvent(AbstractApplicationContext.java:393)
	at org.springframework.context.support.AbstractApplicationContext.publishEvent(AbstractApplicationContext.java:347)
	at org.springframework.context.support.AbstractApplicationContext.finishRefresh(AbstractApplicationContext.java:883)
	at org.springframework.boot.context.embedded.EmbeddedWebApplicationContext.finishRefresh(EmbeddedWebApplicationContext.java:144)
	at org.springframework.context.support.AbstractApplicationContext.refresh(AbstractApplicationContext.java:546)
	at org.springframework.boot.context.embedded.EmbeddedWebApplicationContext.refresh(EmbeddedWebApplicationContext.java:122)
	at org.springframework.boot.SpringApplication.refresh(SpringApplication.java:693)
	at org.springframework.boot.SpringApplication.refreshContext(SpringApplication.java:360)
	at org.springframework.boot.SpringApplication.run(SpringApplication.java:303)
	at com.asiainfo.CmcPersonApplication.main(CmcPersonApplication.java:18)
	at sun.reflect.NativeMethodAccessorImpl.invoke0(Native Method)
	at sun.reflect.NativeMethodAccessorImpl.invoke(NativeMethodAccessorImpl.java:62)
	at sun.reflect.DelegatingMethodAccessorImpl.invoke(DelegatingMethodAccessorImpl.java:43)
	at java.lang.reflect.Method.invoke(Method.java:498)
	at org.springframework.boot.devtools.restart.RestartLauncher.run(RestartLauncher.java:49)
2018-11-23 09:42:17.830 WARN  org.apache.hadoop.hbase.zookeeper.RecoverableZooKeeper Line:272 - Possibly transient ZooKeeper, quorum=hbbdc-sc-zk-01:2181,hbbdc-sc-zk-02:2181,hbbdc-sc-zk-03:2181,hbbdc-sc-zk-04:2181,hbbdc-sc-zk-05:2181, exception=org.apache.zookeeper.KeeperException$OperationTimeoutException: KeeperErrorCode = OperationTimeout
2018-11-23 09:42:18.831 WARN  org.apache.hadoop.hbase.zookeeper.RecoverableZooKeeper Line:143 - Unable to create ZooKeeper Connection
java.net.UnknownHostException: hbbdc-sc-zk-01
	at java.net.InetAddress.getAllByName0(InetAddress.java:1280)
	at java.net.InetAddress.getAllByName(InetAddress.java:1192)
	at java.net.InetAddress.getAllByName(InetAddress.java:1126)
	at org.apache.zookeeper.client.StaticHostProvider.<init>(StaticHostProvider.java:61)
	at org.apache.zookeeper.ZooKeeper.<init>(ZooKeeper.java:445)
	at org.apache.zookeeper.ZooKeeper.<init>(ZooKeeper.java:380)
	at org.apache.hadoop.hbase.zookeeper.RecoverableZooKeeper.checkZk(RecoverableZooKeeper.java:141)
	at org.apache.hadoop.hbase.zookeeper.RecoverableZooKeeper.exists(RecoverableZooKeeper.java:220)
	at org.apache.hadoop.hbase.zookeeper.ZKUtil.checkExists(ZKUtil.java:541)
	at org.apache.hadoop.hbase.zookeeper.ZKClusterId.readClusterIdZNode(ZKClusterId.java:65)
	at org.apache.hadoop.hbase.client.ZooKeeperRegistry.getClusterId(ZooKeeperRegistry.java:105)
	at org.apache.hadoop.hbase.client.ConnectionManager$HConnectionImplementation.retrieveClusterId(ConnectionManager.java:880)
	at org.apache.hadoop.hbase.client.ConnectionManager$HConnectionImplementation.<init>(ConnectionManager.java:636)
	at sun.reflect.NativeConstructorAccessorImpl.newInstance0(Native Method)
	at sun.reflect.NativeConstructorAccessorImpl.newInstance(NativeConstructorAccessorImpl.java:62)
	at sun.reflect.DelegatingConstructorAccessorImpl.newInstance(DelegatingConstructorAccessorImpl.java:45)
	at java.lang.reflect.Constructor.newInstance(Constructor.java:423)
	at org.apache.hadoop.hbase.client.ConnectionFactory.createConnection(ConnectionFactory.java:238)
	at org.apache.hadoop.hbase.client.ConnectionFactory.createConnection(ConnectionFactory.java:218)
	at org.apache.hadoop.hbase.client.ConnectionFactory.createConnection(ConnectionFactory.java:119)
	at com.asiainfo.tag.utils.HbaseConnection.<init>(HbaseConnection.java:55)
	at com.asiainfo.tag.utils.HbaseConnection.<init>(HbaseConnection.java:22)
	at com.asiainfo.tag.utils.HbaseConnection$HbaseConnectionHeper.<clinit>(HbaseConnection.java:34)
	at com.asiainfo.tag.utils.HbaseConnection.getInstance(HbaseConnection.java:30)
	at com.asiainfo.tag.utils.ApplicationStartup.onApplicationEvent(ApplicationStartup.java:21)
	at com.asiainfo.tag.utils.ApplicationStartup.onApplicationEvent(ApplicationStartup.java:14)
	at org.springframework.context.event.SimpleApplicationEventMulticaster.doInvokeListener(SimpleApplicationEventMulticaster.java:172)
	at org.springframework.context.event.SimpleApplicationEventMulticaster.invokeListener(SimpleApplicationEventMulticaster.java:165)
	at org.springframework.context.event.SimpleApplicationEventMulticaster.multicastEvent(SimpleApplicationEventMulticaster.java:139)
	at org.springframework.context.support.AbstractApplicationContext.publishEvent(AbstractApplicationContext.java:393)
	at org.springframework.context.support.AbstractApplicationContext.publishEvent(AbstractApplicationContext.java:347)
	at org.springframework.context.support.AbstractApplicationContext.finishRefresh(AbstractApplicationContext.java:883)
	at org.springframework.boot.context.embedded.EmbeddedWebApplicationContext.finishRefresh(EmbeddedWebApplicationContext.java:144)
	at org.springframework.context.support.AbstractApplicationContext.refresh(AbstractApplicationContext.java:546)
	at org.springframework.boot.context.embedded.EmbeddedWebApplicationContext.refresh(EmbeddedWebApplicationContext.java:122)
	at org.springframework.boot.SpringApplication.refresh(SpringApplication.java:693)
	at org.springframework.boot.SpringApplication.refreshContext(SpringApplication.java:360)
	at org.springframework.boot.SpringApplication.run(SpringApplication.java:303)
	at com.asiainfo.CmcPersonApplication.main(CmcPersonApplication.java:18)
	at sun.reflect.NativeMethodAccessorImpl.invoke0(Native Method)
	at sun.reflect.NativeMethodAccessorImpl.invoke(NativeMethodAccessorImpl.java:62)
	at sun.reflect.DelegatingMethodAccessorImpl.invoke(DelegatingMethodAccessorImpl.java:43)
	at java.lang.reflect.Method.invoke(Method.java:498)
	at org.springframework.boot.devtools.restart.RestartLauncher.run(RestartLauncher.java:49)
2018-11-23 09:42:18.833 WARN  org.apache.hadoop.hbase.zookeeper.RecoverableZooKeeper Line:272 - Possibly transient ZooKeeper, quorum=hbbdc-sc-zk-01:2181,hbbdc-sc-zk-02:2181,hbbdc-sc-zk-03:2181,hbbdc-sc-zk-04:2181,hbbdc-sc-zk-05:2181, exception=org.apache.zookeeper.KeeperException$OperationTimeoutException: KeeperErrorCode = OperationTimeout
2018-11-23 09:42:20.834 WARN  org.apache.hadoop.hbase.zookeeper.RecoverableZooKeeper Line:143 - Unable to create ZooKeeper Connection
java.net.UnknownHostException: hbbdc-sc-zk-01
	at java.net.InetAddress.getAllByName0(InetAddress.java:1280)
	at java.net.InetAddress.getAllByName(InetAddress.java:1192)
	at java.net.InetAddress.getAllByName(InetAddress.java:1126)
	at org.apache.zookeeper.client.StaticHostProvider.<init>(StaticHostProvider.java:61)
	at org.apache.zookeeper.ZooKeeper.<init>(ZooKeeper.java:445)
	at org.apache.zookeeper.ZooKeeper.<init>(ZooKeeper.java:380)
	at org.apache.hadoop.hbase.zookeeper.RecoverableZooKeeper.checkZk(RecoverableZooKeeper.java:141)
	at org.apache.hadoop.hbase.zookeeper.RecoverableZooKeeper.exists(RecoverableZooKeeper.java:220)
	at org.apache.hadoop.hbase.zookeeper.ZKUtil.checkExists(ZKUtil.java:541)
	at org.apache.hadoop.hbase.zookeeper.ZKClusterId.readClusterIdZNode(ZKClusterId.java:65)
	at org.apache.hadoop.hbase.client.ZooKeeperRegistry.getClusterId(ZooKeeperRegistry.java:105)
	at org.apache.hadoop.hbase.client.ConnectionManager$HConnectionImplementation.retrieveClusterId(ConnectionManager.java:880)
	at org.apache.hadoop.hbase.client.ConnectionManager$HConnectionImplementation.<init>(ConnectionManager.java:636)
	at sun.reflect.NativeConstructorAccessorImpl.newInstance0(Native Method)
	at sun.reflect.NativeConstructorAccessorImpl.newInstance(NativeConstructorAccessorImpl.java:62)
	at sun.reflect.DelegatingConstructorAccessorImpl.newInstance(DelegatingConstructorAccessorImpl.java:45)
	at java.lang.reflect.Constructor.newInstance(Constructor.java:423)
	at org.apache.hadoop.hbase.client.ConnectionFactory.createConnection(ConnectionFactory.java:238)
	at org.apache.hadoop.hbase.client.ConnectionFactory.createConnection(ConnectionFactory.java:218)
	at org.apache.hadoop.hbase.client.ConnectionFactory.createConnection(ConnectionFactory.java:119)
	at com.asiainfo.tag.utils.HbaseConnection.<init>(HbaseConnection.java:55)
	at com.asiainfo.tag.utils.HbaseConnection.<init>(HbaseConnection.java:22)
	at com.asiainfo.tag.utils.HbaseConnection$HbaseConnectionHeper.<clinit>(HbaseConnection.java:34)
	at com.asiainfo.tag.utils.HbaseConnection.getInstance(HbaseConnection.java:30)
	at com.asiainfo.tag.utils.ApplicationStartup.onApplicationEvent(ApplicationStartup.java:21)
	at com.asiainfo.tag.utils.ApplicationStartup.onApplicationEvent(ApplicationStartup.java:14)
	at org.springframework.context.event.SimpleApplicationEventMulticaster.doInvokeListener(SimpleApplicationEventMulticaster.java:172)
	at org.springframework.context.event.SimpleApplicationEventMulticaster.invokeListener(SimpleApplicationEventMulticaster.java:165)
	at org.springframework.context.event.SimpleApplicationEventMulticaster.multicastEvent(SimpleApplicationEventMulticaster.java:139)
	at org.springframework.context.support.AbstractApplicationContext.publishEvent(AbstractApplicationContext.java:393)
	at org.springframework.context.support.AbstractApplicationContext.publishEvent(AbstractApplicationContext.java:347)
	at org.springframework.context.support.AbstractApplicationContext.finishRefresh(AbstractApplicationContext.java:883)
	at org.springframework.boot.context.embedded.EmbeddedWebApplicationContext.finishRefresh(EmbeddedWebApplicationContext.java:144)
	at org.springframework.context.support.AbstractApplicationContext.refresh(AbstractApplicationContext.java:546)
	at org.springframework.boot.context.embedded.EmbeddedWebApplicationContext.refresh(EmbeddedWebApplicationContext.java:122)
	at org.springframework.boot.SpringApplication.refresh(SpringApplication.java:693)
	at org.springframework.boot.SpringApplication.refreshContext(SpringApplication.java:360)
	at org.springframework.boot.SpringApplication.run(SpringApplication.java:303)
	at com.asiainfo.CmcPersonApplication.main(CmcPersonApplication.java:18)
	at sun.reflect.NativeMethodAccessorImpl.invoke0(Native Method)
	at sun.reflect.NativeMethodAccessorImpl.invoke(NativeMethodAccessorImpl.java:62)
	at sun.reflect.DelegatingMethodAccessorImpl.invoke(DelegatingMethodAccessorImpl.java:43)
	at java.lang.reflect.Method.invoke(Method.java:498)
	at org.springframework.boot.devtools.restart.RestartLauncher.run(RestartLauncher.java:49)
2018-11-23 09:42:20.835 WARN  org.apache.hadoop.hbase.zookeeper.RecoverableZooKeeper Line:272 - Possibly transient ZooKeeper, quorum=hbbdc-sc-zk-01:2181,hbbdc-sc-zk-02:2181,hbbdc-sc-zk-03:2181,hbbdc-sc-zk-04:2181,hbbdc-sc-zk-05:2181, exception=org.apache.zookeeper.KeeperException$OperationTimeoutException: KeeperErrorCode = OperationTimeout
2018-11-23 09:42:24.836 WARN  org.apache.hadoop.hbase.zookeeper.RecoverableZooKeeper Line:143 - Unable to create ZooKeeper Connection
java.net.UnknownHostException: hbbdc-sc-zk-01
	at java.net.InetAddress.getAllByName0(InetAddress.java:1280)
	at java.net.InetAddress.getAllByName(InetAddress.java:1192)
	at java.net.InetAddress.getAllByName(InetAddress.java:1126)
	at org.apache.zookeeper.client.StaticHostProvider.<init>(StaticHostProvider.java:61)
	at org.apache.zookeeper.ZooKeeper.<init>(ZooKeeper.java:445)
	at org.apache.zookeeper.ZooKeeper.<init>(ZooKeeper.java:380)
	at org.apache.hadoop.hbase.zookeeper.RecoverableZooKeeper.checkZk(RecoverableZooKeeper.java:141)
	at org.apache.hadoop.hbase.zookeeper.RecoverableZooKeeper.exists(RecoverableZooKeeper.java:220)
	at org.apache.hadoop.hbase.zookeeper.ZKUtil.checkExists(ZKUtil.java:541)
	at org.apache.hadoop.hbase.zookeeper.ZKClusterId.readClusterIdZNode(ZKClusterId.java:65)
	at org.apache.hadoop.hbase.client.ZooKeeperRegistry.getClusterId(ZooKeeperRegistry.java:105)
	at org.apache.hadoop.hbase.client.ConnectionManager$HConnectionImplementation.retrieveClusterId(ConnectionManager.java:880)
	at org.apache.hadoop.hbase.client.ConnectionManager$HConnectionImplementation.<init>(ConnectionManager.java:636)
	at sun.reflect.NativeConstructorAccessorImpl.newInstance0(Native Method)
	at sun.reflect.NativeConstructorAccessorImpl.newInstance(NativeConstructorAccessorImpl.java:62)
	at sun.reflect.DelegatingConstructorAccessorImpl.newInstance(DelegatingConstructorAccessorImpl.java:45)
	at java.lang.reflect.Constructor.newInstance(Constructor.java:423)
	at org.apache.hadoop.hbase.client.ConnectionFactory.createConnection(ConnectionFactory.java:238)
	at org.apache.hadoop.hbase.client.ConnectionFactory.createConnection(ConnectionFactory.java:218)
	at org.apache.hadoop.hbase.client.ConnectionFactory.createConnection(ConnectionFactory.java:119)
	at com.asiainfo.tag.utils.HbaseConnection.<init>(HbaseConnection.java:55)
	at com.asiainfo.tag.utils.HbaseConnection.<init>(HbaseConnection.java:22)
	at com.asiainfo.tag.utils.HbaseConnection$HbaseConnectionHeper.<clinit>(HbaseConnection.java:34)
	at com.asiainfo.tag.utils.HbaseConnection.getInstance(HbaseConnection.java:30)
	at com.asiainfo.tag.utils.ApplicationStartup.onApplicationEvent(ApplicationStartup.java:21)
	at com.asiainfo.tag.utils.ApplicationStartup.onApplicationEvent(ApplicationStartup.java:14)
	at org.springframework.context.event.SimpleApplicationEventMulticaster.doInvokeListener(SimpleApplicationEventMulticaster.java:172)
	at org.springframework.context.event.SimpleApplicationEventMulticaster.invokeListener(SimpleApplicationEventMulticaster.java:165)
	at org.springframework.context.event.SimpleApplicationEventMulticaster.multicastEvent(SimpleApplicationEventMulticaster.java:139)
	at org.springframework.context.support.AbstractApplicationContext.publishEvent(AbstractApplicationContext.java:393)
	at org.springframework.context.support.AbstractApplicationContext.publishEvent(AbstractApplicationContext.java:347)
	at org.springframework.context.support.AbstractApplicationContext.finishRefresh(AbstractApplicationContext.java:883)
	at org.springframework.boot.context.embedded.EmbeddedWebApplicationContext.finishRefresh(EmbeddedWebApplicationContext.java:144)
	at org.springframework.context.support.AbstractApplicationContext.refresh(AbstractApplicationContext.java:546)
	at org.springframework.boot.context.embedded.EmbeddedWebApplicationContext.refresh(EmbeddedWebApplicationContext.java:122)
	at org.springframework.boot.SpringApplication.refresh(SpringApplication.java:693)
	at org.springframework.boot.SpringApplication.refreshContext(SpringApplication.java:360)
	at org.springframework.boot.SpringApplication.run(SpringApplication.java:303)
	at com.asiainfo.CmcPersonApplication.main(CmcPersonApplication.java:18)
	at sun.reflect.NativeMethodAccessorImpl.invoke0(Native Method)
	at sun.reflect.NativeMethodAccessorImpl.invoke(NativeMethodAccessorImpl.java:62)
	at sun.reflect.DelegatingMethodAccessorImpl.invoke(DelegatingMethodAccessorImpl.java:43)
	at java.lang.reflect.Method.invoke(Method.java:498)
	at org.springframework.boot.devtools.restart.RestartLauncher.run(RestartLauncher.java:49)
2018-11-23 09:42:24.836 WARN  org.apache.hadoop.hbase.zookeeper.RecoverableZooKeeper Line:272 - Possibly transient ZooKeeper, quorum=hbbdc-sc-zk-01:2181,hbbdc-sc-zk-02:2181,hbbdc-sc-zk-03:2181,hbbdc-sc-zk-04:2181,hbbdc-sc-zk-05:2181, exception=org.apache.zookeeper.KeeperException$OperationTimeoutException: KeeperErrorCode = OperationTimeout
2018-11-23 09:42:35.104 WARN  org.apache.hadoop.hbase.zookeeper.RecoverableZooKeeper Line:143 - Unable to create ZooKeeper Connection
java.net.UnknownHostException: hbbdc-sc-zk-01
	at java.net.Inet6AddressImpl.lookupAllHostAddr(Native Method)
	at java.net.InetAddress$2.lookupAllHostAddr(InetAddress.java:928)
	at java.net.InetAddress.getAddressesFromNameService(InetAddress.java:1323)
	at java.net.InetAddress.getAllByName0(InetAddress.java:1276)
	at java.net.InetAddress.getAllByName(InetAddress.java:1192)
	at java.net.InetAddress.getAllByName(InetAddress.java:1126)
	at org.apache.zookeeper.client.StaticHostProvider.<init>(StaticHostProvider.java:61)
	at org.apache.zookeeper.ZooKeeper.<init>(ZooKeeper.java:445)
	at org.apache.zookeeper.ZooKeeper.<init>(ZooKeeper.java:380)
	at org.apache.hadoop.hbase.zookeeper.RecoverableZooKeeper.checkZk(RecoverableZooKeeper.java:141)
	at org.apache.hadoop.hbase.zookeeper.RecoverableZooKeeper.exists(RecoverableZooKeeper.java:220)
	at org.apache.hadoop.hbase.zookeeper.ZKUtil.checkExists(ZKUtil.java:541)
	at org.apache.hadoop.hbase.zookeeper.ZKClusterId.readClusterIdZNode(ZKClusterId.java:65)
	at org.apache.hadoop.hbase.client.ZooKeeperRegistry.getClusterId(ZooKeeperRegistry.java:105)
	at org.apache.hadoop.hbase.client.ConnectionManager$HConnectionImplementation.retrieveClusterId(ConnectionManager.java:880)
	at org.apache.hadoop.hbase.client.ConnectionManager$HConnectionImplementation.<init>(ConnectionManager.java:636)
	at sun.reflect.NativeConstructorAccessorImpl.newInstance0(Native Method)
	at sun.reflect.NativeConstructorAccessorImpl.newInstance(NativeConstructorAccessorImpl.java:62)
	at sun.reflect.DelegatingConstructorAccessorImpl.newInstance(DelegatingConstructorAccessorImpl.java:45)
	at java.lang.reflect.Constructor.newInstance(Constructor.java:423)
	at org.apache.hadoop.hbase.client.ConnectionFactory.createConnection(ConnectionFactory.java:238)
	at org.apache.hadoop.hbase.client.ConnectionFactory.createConnection(ConnectionFactory.java:218)
	at org.apache.hadoop.hbase.client.ConnectionFactory.createConnection(ConnectionFactory.java:119)
	at com.asiainfo.tag.utils.HbaseConnection.<init>(HbaseConnection.java:55)
	at com.asiainfo.tag.utils.HbaseConnection.<init>(HbaseConnection.java:22)
	at com.asiainfo.tag.utils.HbaseConnection$HbaseConnectionHeper.<clinit>(HbaseConnection.java:34)
	at com.asiainfo.tag.utils.HbaseConnection.getInstance(HbaseConnection.java:30)
	at com.asiainfo.tag.utils.ApplicationStartup.onApplicationEvent(ApplicationStartup.java:21)
	at com.asiainfo.tag.utils.ApplicationStartup.onApplicationEvent(ApplicationStartup.java:14)
	at org.springframework.context.event.SimpleApplicationEventMulticaster.doInvokeListener(SimpleApplicationEventMulticaster.java:172)
	at org.springframework.context.event.SimpleApplicationEventMulticaster.invokeListener(SimpleApplicationEventMulticaster.java:165)
	at org.springframework.context.event.SimpleApplicationEventMulticaster.multicastEvent(SimpleApplicationEventMulticaster.java:139)
	at org.springframework.context.support.AbstractApplicationContext.publishEvent(AbstractApplicationContext.java:393)
	at org.springframework.context.support.AbstractApplicationContext.publishEvent(AbstractApplicationContext.java:347)
	at org.springframework.context.support.AbstractApplicationContext.finishRefresh(AbstractApplicationContext.java:883)
	at org.springframework.boot.context.embedded.EmbeddedWebApplicationContext.finishRefresh(EmbeddedWebApplicationContext.java:144)
	at org.springframework.context.support.AbstractApplicationContext.refresh(AbstractApplicationContext.java:546)
	at org.springframework.boot.context.embedded.EmbeddedWebApplicationContext.refresh(EmbeddedWebApplicationContext.java:122)
	at org.springframework.boot.SpringApplication.refresh(SpringApplication.java:693)
	at org.springframework.boot.SpringApplication.refreshContext(SpringApplication.java:360)
	at org.springframework.boot.SpringApplication.run(SpringApplication.java:303)
	at com.asiainfo.CmcPersonApplication.main(CmcPersonApplication.java:18)
	at sun.reflect.NativeMethodAccessorImpl.invoke0(Native Method)
	at sun.reflect.NativeMethodAccessorImpl.invoke(NativeMethodAccessorImpl.java:62)
	at sun.reflect.DelegatingMethodAccessorImpl.invoke(DelegatingMethodAccessorImpl.java:43)
	at java.lang.reflect.Method.invoke(Method.java:498)
	at org.springframework.boot.devtools.restart.RestartLauncher.run(RestartLauncher.java:49)
2018-11-23 09:42:35.106 WARN  org.apache.hadoop.hbase.zookeeper.RecoverableZooKeeper Line:272 - Possibly transient ZooKeeper, quorum=hbbdc-sc-zk-01:2181,hbbdc-sc-zk-02:2181,hbbdc-sc-zk-03:2181,hbbdc-sc-zk-04:2181,hbbdc-sc-zk-05:2181, exception=org.apache.zookeeper.KeeperException$OperationTimeoutException: KeeperErrorCode = OperationTimeout
2018-11-23 09:42:35.108 WARN  org.apache.hadoop.hbase.zookeeper.ZKUtil Line:544 - hconnection-0x6e4f13500x0, quorum=hbbdc-sc-zk-01:2181,hbbdc-sc-zk-02:2181,hbbdc-sc-zk-03:2181,hbbdc-sc-zk-04:2181,hbbdc-sc-zk-05:2181, baseZNode=/hbase Unable to set watcher on znode (/hbase/hbaseid)
org.apache.zookeeper.KeeperException$OperationTimeoutException: KeeperErrorCode = OperationTimeout
	at org.apache.hadoop.hbase.zookeeper.RecoverableZooKeeper.checkZk(RecoverableZooKeeper.java:144)
	at org.apache.hadoop.hbase.zookeeper.RecoverableZooKeeper.exists(RecoverableZooKeeper.java:220)
	at org.apache.hadoop.hbase.zookeeper.ZKUtil.checkExists(ZKUtil.java:541)
	at org.apache.hadoop.hbase.zookeeper.ZKClusterId.readClusterIdZNode(ZKClusterId.java:65)
	at org.apache.hadoop.hbase.client.ZooKeeperRegistry.getClusterId(ZooKeeperRegistry.java:105)
	at org.apache.hadoop.hbase.client.ConnectionManager$HConnectionImplementation.retrieveClusterId(ConnectionManager.java:880)
	at org.apache.hadoop.hbase.client.ConnectionManager$HConnectionImplementation.<init>(ConnectionManager.java:636)
	at sun.reflect.NativeConstructorAccessorImpl.newInstance0(Native Method)
	at sun.reflect.NativeConstructorAccessorImpl.newInstance(NativeConstructorAccessorImpl.java:62)
	at sun.reflect.DelegatingConstructorAccessorImpl.newInstance(DelegatingConstructorAccessorImpl.java:45)
	at java.lang.reflect.Constructor.newInstance(Constructor.java:423)
	at org.apache.hadoop.hbase.client.ConnectionFactory.createConnection(ConnectionFactory.java:238)
	at org.apache.hadoop.hbase.client.ConnectionFactory.createConnection(ConnectionFactory.java:218)
	at org.apache.hadoop.hbase.client.ConnectionFactory.createConnection(ConnectionFactory.java:119)
	at com.asiainfo.tag.utils.HbaseConnection.<init>(HbaseConnection.java:55)
	at com.asiainfo.tag.utils.HbaseConnection.<init>(HbaseConnection.java:22)
	at com.asiainfo.tag.utils.HbaseConnection$HbaseConnectionHeper.<clinit>(HbaseConnection.java:34)
	at com.asiainfo.tag.utils.HbaseConnection.getInstance(HbaseConnection.java:30)
	at com.asiainfo.tag.utils.ApplicationStartup.onApplicationEvent(ApplicationStartup.java:21)
	at com.asiainfo.tag.utils.ApplicationStartup.onApplicationEvent(ApplicationStartup.java:14)
	at org.springframework.context.event.SimpleApplicationEventMulticaster.doInvokeListener(SimpleApplicationEventMulticaster.java:172)
	at org.springframework.context.event.SimpleApplicationEventMulticaster.invokeListener(SimpleApplicationEventMulticaster.java:165)
	at org.springframework.context.event.SimpleApplicationEventMulticaster.multicastEvent(SimpleApplicationEventMulticaster.java:139)
	at org.springframework.context.support.AbstractApplicationContext.publishEvent(AbstractApplicationContext.java:393)
	at org.springframework.context.support.AbstractApplicationContext.publishEvent(AbstractApplicationContext.java:347)
	at org.springframework.context.support.AbstractApplicationContext.finishRefresh(AbstractApplicationContext.java:883)
	at org.springframework.boot.context.embedded.EmbeddedWebApplicationContext.finishRefresh(EmbeddedWebApplicationContext.java:144)
	at org.springframework.context.support.AbstractApplicationContext.refresh(AbstractApplicationContext.java:546)
	at org.springframework.boot.context.embedded.EmbeddedWebApplicationContext.refresh(EmbeddedWebApplicationContext.java:122)
	at org.springframework.boot.SpringApplication.refresh(SpringApplication.java:693)
	at org.springframework.boot.SpringApplication.refreshContext(SpringApplication.java:360)
	at org.springframework.boot.SpringApplication.run(SpringApplication.java:303)
	at com.asiainfo.CmcPersonApplication.main(CmcPersonApplication.java:18)
	at sun.reflect.NativeMethodAccessorImpl.invoke0(Native Method)
	at sun.reflect.NativeMethodAccessorImpl.invoke(NativeMethodAccessorImpl.java:62)
	at sun.reflect.DelegatingMethodAccessorImpl.invoke(DelegatingMethodAccessorImpl.java:43)
	at java.lang.reflect.Method.invoke(Method.java:498)
	at org.springframework.boot.devtools.restart.RestartLauncher.run(RestartLauncher.java:49)
2018-11-23 09:42:35.110 WARN  org.apache.hadoop.hbase.client.ZooKeeperRegistry Line:110 - Can't retrieve clusterId from Zookeeper
org.apache.zookeeper.KeeperException$OperationTimeoutException: KeeperErrorCode = OperationTimeout
	at org.apache.hadoop.hbase.zookeeper.RecoverableZooKeeper.checkZk(RecoverableZooKeeper.java:144)
	at org.apache.hadoop.hbase.zookeeper.RecoverableZooKeeper.exists(RecoverableZooKeeper.java:220)
	at org.apache.hadoop.hbase.zookeeper.ZKUtil.checkExists(ZKUtil.java:541)
	at org.apache.hadoop.hbase.zookeeper.ZKClusterId.readClusterIdZNode(ZKClusterId.java:65)
	at org.apache.hadoop.hbase.client.ZooKeeperRegistry.getClusterId(ZooKeeperRegistry.java:105)
	at org.apache.hadoop.hbase.client.ConnectionManager$HConnectionImplementation.retrieveClusterId(ConnectionManager.java:880)
	at org.apache.hadoop.hbase.client.ConnectionManager$HConnectionImplementation.<init>(ConnectionManager.java:636)
	at sun.reflect.NativeConstructorAccessorImpl.newInstance0(Native Method)
	at sun.reflect.NativeConstructorAccessorImpl.newInstance(NativeConstructorAccessorImpl.java:62)
	at sun.reflect.DelegatingConstructorAccessorImpl.newInstance(DelegatingConstructorAccessorImpl.java:45)
	at java.lang.reflect.Constructor.newInstance(Constructor.java:423)
	at org.apache.hadoop.hbase.client.ConnectionFactory.createConnection(ConnectionFactory.java:238)
	at org.apache.hadoop.hbase.client.ConnectionFactory.createConnection(ConnectionFactory.java:218)
	at org.apache.hadoop.hbase.client.ConnectionFactory.createConnection(ConnectionFactory.java:119)
	at com.asiainfo.tag.utils.HbaseConnection.<init>(HbaseConnection.java:55)
	at com.asiainfo.tag.utils.HbaseConnection.<init>(HbaseConnection.java:22)
	at com.asiainfo.tag.utils.HbaseConnection$HbaseConnectionHeper.<clinit>(HbaseConnection.java:34)
	at com.asiainfo.tag.utils.HbaseConnection.getInstance(HbaseConnection.java:30)
	at com.asiainfo.tag.utils.ApplicationStartup.onApplicationEvent(ApplicationStartup.java:21)
	at com.asiainfo.tag.utils.ApplicationStartup.onApplicationEvent(ApplicationStartup.java:14)
	at org.springframework.context.event.SimpleApplicationEventMulticaster.doInvokeListener(SimpleApplicationEventMulticaster.java:172)
	at org.springframework.context.event.SimpleApplicationEventMulticaster.invokeListener(SimpleApplicationEventMulticaster.java:165)
	at org.springframework.context.event.SimpleApplicationEventMulticaster.multicastEvent(SimpleApplicationEventMulticaster.java:139)
	at org.springframework.context.support.AbstractApplicationContext.publishEvent(AbstractApplicationContext.java:393)
	at org.springframework.context.support.AbstractApplicationContext.publishEvent(AbstractApplicationContext.java:347)
	at org.springframework.context.support.AbstractApplicationContext.finishRefresh(AbstractApplicationContext.java:883)
	at org.springframework.boot.context.embedded.EmbeddedWebApplicationContext.finishRefresh(EmbeddedWebApplicationContext.java:144)
	at org.springframework.context.support.AbstractApplicationContext.refresh(AbstractApplicationContext.java:546)
	at org.springframework.boot.context.embedded.EmbeddedWebApplicationContext.refresh(EmbeddedWebApplicationContext.java:122)
	at org.springframework.boot.SpringApplication.refresh(SpringApplication.java:693)
	at org.springframework.boot.SpringApplication.refreshContext(SpringApplication.java:360)
	at org.springframework.boot.SpringApplication.run(SpringApplication.java:303)
	at com.asiainfo.CmcPersonApplication.main(CmcPersonApplication.java:18)
	at sun.reflect.NativeMethodAccessorImpl.invoke0(Native Method)
	at sun.reflect.NativeMethodAccessorImpl.invoke(NativeMethodAccessorImpl.java:62)
	at sun.reflect.DelegatingMethodAccessorImpl.invoke(DelegatingMethodAccessorImpl.java:43)
	at java.lang.reflect.Method.invoke(Method.java:498)
	at org.springframework.boot.devtools.restart.RestartLauncher.run(RestartLauncher.java:49)
2018-11-23 09:42:35.154 WARN  com.asiainfo.tag.utils.ApplicationStartup Line:23  - 初始化生产集群连接成功
2018-11-23 09:49:08.236 WARN  org.thymeleaf.templatemode.TemplateMode Line:150 - [THYMELEAF][restartedMain] Template Mode 'LEGACYHTML5' is deprecated. Using Template Mode 'HTML' instead.
2018-11-23 09:50:59.881 WARN  org.thymeleaf.templatemode.TemplateMode Line:150 - [THYMELEAF][restartedMain] Template Mode 'LEGACYHTML5' is deprecated. Using Template Mode 'HTML' instead.
2018-11-23 09:54:20.482 WARN  org.thymeleaf.templatemode.TemplateMode Line:150 - [THYMELEAF][restartedMain] Template Mode 'LEGACYHTML5' is deprecated. Using Template Mode 'HTML' instead.
2018-11-23 09:55:12.195 WARN  com.asiainfo.tag.config.ConstantConfig Line:24  - 初始化项目:   初始化集群 --> prod
2018-11-23 09:55:12.196 WARN  com.asiainfo.tag.config.ConstantConfig Line:26  - 初始化项目:   初始化默认集群 --> prod
2018-11-23 09:55:14.307 WARN  org.thymeleaf.templatemode.TemplateMode Line:150 - [THYMELEAF][restartedMain] Template Mode 'LEGACYHTML5' is deprecated. Using Template Mode 'HTML' instead.
2018-11-23 10:34:09.044 WARN  org.springframework.beans.factory.support.DisposableBeanAdapter Line:278 - Invocation of destroy method failed on bean with name 'classPathFileSystemWatcher'
java.lang.NullPointerException: null
	at org.springframework.boot.devtools.filewatch.FileSystemWatcher.stopAfter(FileSystemWatcher.java:199)
	at org.springframework.boot.devtools.filewatch.FileSystemWatcher.stop(FileSystemWatcher.java:178)
	at org.springframework.boot.devtools.classpath.ClassPathFileSystemWatcher.destroy(ClassPathFileSystemWatcher.java:95)
	at org.springframework.beans.factory.support.DisposableBeanAdapter.destroy(DisposableBeanAdapter.java:272)
	at org.springframework.beans.factory.support.DefaultSingletonBeanRegistry.destroyBean(DefaultSingletonBeanRegistry.java:578)
	at org.springframework.beans.factory.support.DefaultSingletonBeanRegistry.destroySingleton(DefaultSingletonBeanRegistry.java:554)
	at org.springframework.beans.factory.support.DefaultListableBeanFactory.destroySingleton(DefaultListableBeanFactory.java:961)
	at org.springframework.beans.factory.support.DefaultSingletonBeanRegistry.destroySingletons(DefaultSingletonBeanRegistry.java:523)
	at org.springframework.beans.factory.support.FactoryBeanRegistrySupport.destroySingletons(FactoryBeanRegistrySupport.java:230)
	at org.springframework.beans.factory.support.DefaultListableBeanFactory.destroySingletons(DefaultListableBeanFactory.java:968)
	at org.springframework.context.support.AbstractApplicationContext.destroyBeans(AbstractApplicationContext.java:1030)
	at org.springframework.context.support.AbstractApplicationContext.doClose(AbstractApplicationContext.java:1006)
	at org.springframework.context.support.AbstractApplicationContext.close(AbstractApplicationContext.java:958)
	at org.springframework.boot.devtools.restart.Restarter.stop(Restarter.java:321)
	at org.springframework.boot.devtools.restart.Restarter$2.call(Restarter.java:258)
	at org.springframework.boot.devtools.restart.Restarter$2.call(Restarter.java:254)
	at org.springframework.boot.devtools.restart.Restarter$LeakSafeThread.run(Restarter.java:627)
2018-11-23 10:34:12.212 WARN  com.asiainfo.tag.config.ConstantConfig Line:24  - 初始化项目:   初始化集群 --> prod
2018-11-23 10:34:12.212 WARN  com.asiainfo.tag.config.ConstantConfig Line:26  - 初始化项目:   初始化默认集群 --> prod
2018-11-23 10:34:12.840 WARN  org.thymeleaf.templatemode.TemplateMode Line:150 - [THYMELEAF][restartedMain] Template Mode 'LEGACYHTML5' is deprecated. Using Template Mode 'HTML' instead.
2018-11-23 10:34:14.911 WARN  org.springframework.beans.factory.support.DisposableBeanAdapter Line:278 - Invocation of destroy method failed on bean with name 'classPathFileSystemWatcher'
java.lang.NullPointerException: null
	at org.springframework.boot.devtools.filewatch.FileSystemWatcher.stopAfter(FileSystemWatcher.java:199)
	at org.springframework.boot.devtools.filewatch.FileSystemWatcher.stop(FileSystemWatcher.java:178)
	at org.springframework.boot.devtools.classpath.ClassPathFileSystemWatcher.destroy(ClassPathFileSystemWatcher.java:95)
	at org.springframework.beans.factory.support.DisposableBeanAdapter.destroy(DisposableBeanAdapter.java:272)
	at org.springframework.beans.factory.support.DefaultSingletonBeanRegistry.destroyBean(DefaultSingletonBeanRegistry.java:578)
	at org.springframework.beans.factory.support.DefaultSingletonBeanRegistry.destroySingleton(DefaultSingletonBeanRegistry.java:554)
	at org.springframework.beans.factory.support.DefaultListableBeanFactory.destroySingleton(DefaultListableBeanFactory.java:961)
	at org.springframework.beans.factory.support.DefaultSingletonBeanRegistry.destroySingletons(DefaultSingletonBeanRegistry.java:523)
	at org.springframework.beans.factory.support.FactoryBeanRegistrySupport.destroySingletons(FactoryBeanRegistrySupport.java:230)
	at org.springframework.beans.factory.support.DefaultListableBeanFactory.destroySingletons(DefaultListableBeanFactory.java:968)
	at org.springframework.context.support.AbstractApplicationContext.destroyBeans(AbstractApplicationContext.java:1030)
	at org.springframework.context.support.AbstractApplicationContext.doClose(AbstractApplicationContext.java:1006)
	at org.springframework.context.support.AbstractApplicationContext.close(AbstractApplicationContext.java:958)
	at org.springframework.boot.devtools.restart.Restarter.stop(Restarter.java:321)
	at org.springframework.boot.devtools.restart.Restarter$2.call(Restarter.java:258)
	at org.springframework.boot.devtools.restart.Restarter$2.call(Restarter.java:254)
	at org.springframework.boot.devtools.restart.Restarter$LeakSafeThread.run(Restarter.java:627)
2018-11-23 10:34:18.001 WARN  com.asiainfo.tag.config.ConstantConfig Line:24  - 初始化项目:   初始化集群 --> prod
2018-11-23 10:34:18.001 WARN  com.asiainfo.tag.config.ConstantConfig Line:26  - 初始化项目:   初始化默认集群 --> prod
2018-11-23 10:34:18.551 WARN  org.thymeleaf.templatemode.TemplateMode Line:150 - [THYMELEAF][restartedMain] Template Mode 'LEGACYHTML5' is deprecated. Using Template Mode 'HTML' instead.
